[2015-09-14 17:48:37] BLC.INFO: Maximum rate not found, so set it to 100 {"key":0,"val":"[object] (stdClass: {\"loanID\":\"17560\",\"amount\":\"0.0001\"})"} {"memory_usage":"4 MB","file":"/Users/trentonmaki/Work/BitlendingClubInvestor/src/Config/Config.php","line":187,"class":"BLC\\Config\\Config","function":"validateManualInvestments"}
[2015-09-14 17:48:37] BLC.INFO: Creating file lock [] {"memory_usage":"4.75 MB","file":"/Users/trentonmaki/Work/BitlendingClubInvestor/src/Model/ExclusiveLock.php","line":34,"class":"BLC\\Model\\ExclusiveLock","function":"__construct"}
[2015-09-14 17:48:37] BLC.INFO: Making request. {"URI":"https://api.bitlendingclub.com/api/loans?limit=0","method":"GET","body":"","request":"[object] (GuzzleHttp\\Psr7\\Request: {})"} {"memory_usage":"4.75 MB","file":"/Users/trentonmaki/Work/BitlendingClubInvestor/src/bootstrap.php","line":80,"class":null,"function":"{closure}"}
[2015-09-14 17:48:38] BLC.NOTICE: STARTING [] {"memory_usage":"5 MB","file":"/Users/trentonmaki/Work/BitlendingClubInvestor/TheScript.php","line":82,"class":null,"function":null}
[2015-09-14 17:48:38] BLC.INFO: Finished setup, starting work [] {"memory_usage":"5 MB","file":"/Users/trentonmaki/Work/BitlendingClubInvestor/TheScript.php","line":85,"class":null,"function":null}
[2015-09-14 17:48:38] BLC.INFO: Initializing reputation rule request [] {"memory_usage":"5 MB","file":"/Users/trentonmaki/Work/BitlendingClubInvestor/TheScript.php","line":88,"class":null,"function":null}
[2015-09-14 17:48:38] BLC.INFO: Making request. {"URI":"https://api.bitlendingclub.com/api/loans?type=reputation&denomination=btc&limit=50","method":"GET","body":"","request":"[object] (GuzzleHttp\\Psr7\\Request: {})"} {"memory_usage":"5 MB","file":"/Users/trentonmaki/Work/BitlendingClubInvestor/src/bootstrap.php","line":80,"class":null,"function":"{closure}"}
[2015-09-14 17:48:38] BLC.INFO: Finished initializing reputation rule request [] {"memory_usage":"5 MB","file":"/Users/trentonmaki/Work/BitlendingClubInvestor/TheScript.php","line":98,"class":null,"function":null}
[2015-09-14 17:48:38] BLC.INFO: Initializing tracked borrowers request [] {"memory_usage":"5 MB","file":"/Users/trentonmaki/Work/BitlendingClubInvestor/TheScript.php","line":104,"class":null,"function":null}
[2015-09-14 17:48:38] BLC.INFO: Making request. {"URI":"https://api.bitlendingclub.com/api/loans?listingDateFrom=14-09-2015","method":"GET","body":"","request":"[object] (GuzzleHttp\\Psr7\\Request: {})"} {"memory_usage":"5 MB","file":"/Users/trentonmaki/Work/BitlendingClubInvestor/src/bootstrap.php","line":80,"class":null,"function":"{closure}"}
[2015-09-14 17:48:38] BLC.INFO: Finished initializing tracked borrowers request [] {"memory_usage":"5 MB","file":"/Users/trentonmaki/Work/BitlendingClubInvestor/TheScript.php","line":114,"class":null,"function":null}
[2015-09-14 17:48:38] BLC.INFO: Initializing manual investments promise [] {"memory_usage":"5 MB","file":"/Users/trentonmaki/Work/BitlendingClubInvestor/TheScript.php","line":117,"class":null,"function":null}
[2015-09-14 17:48:38] BLC.INFO: Making request. {"URI":"https://api.bitlendingclub.com/api/loan/17560","method":"GET","body":"","request":"[object] (GuzzleHttp\\Psr7\\Request: {})"} {"memory_usage":"5 MB","file":"/Users/trentonmaki/Work/BitlendingClubInvestor/src/bootstrap.php","line":80,"class":null,"function":"{closure}"}
[2015-09-14 17:48:38] BLC.INFO: Making request. {"URI":"https://api.bitlendingclub.com/api/loan/18661","method":"GET","body":"","request":"[object] (GuzzleHttp\\Psr7\\Request: {})"} {"memory_usage":"5 MB","file":"/Users/trentonmaki/Work/BitlendingClubInvestor/src/bootstrap.php","line":80,"class":null,"function":"{closure}"}
[2015-09-14 17:48:38] BLC.INFO: Finished initialing manual investments promise [] {"memory_usage":"5.25 MB","file":"/Users/trentonmaki/Work/BitlendingClubInvestor/TheScript.php","line":121,"class":null,"function":null}
[2015-09-14 17:48:38] BLC.INFO: Running all requests [] {"memory_usage":"5.25 MB","file":"/Users/trentonmaki/Work/BitlendingClubInvestor/TheScript.php","line":136,"class":null,"function":null}
[2015-09-14 17:48:39] BLC.INFO: Acquiring lock [] {"memory_usage":"5.75 MB","file":"/Users/trentonmaki/Work/BitlendingClubInvestor/src/Model/ExclusiveLock.php","line":56,"class":"BLC\\Model\\ExclusiveLock","function":"lock"}
[2015-09-14 17:48:39] BLC.INFO: Acquired lock [] {"memory_usage":"5.75 MB","file":"/Users/trentonmaki/Work/BitlendingClubInvestor/src/Model/ExclusiveLock.php","line":59,"class":"BLC\\Model\\ExclusiveLock","function":"lock"}
[2015-09-14 17:48:39] BLC.INFO: Releasing lock [] {"memory_usage":"5.75 MB","file":"/Users/trentonmaki/Work/BitlendingClubInvestor/src/Model/ExclusiveLock.php","line":74,"class":"BLC\\Model\\ExclusiveLock","function":"unlock"}
[2015-09-14 17:48:39] BLC.INFO: Lock released [] {"memory_usage":"5.75 MB","file":"/Users/trentonmaki/Work/BitlendingClubInvestor/src/Model/ExclusiveLock.php","line":78,"class":"BLC\\Model\\ExclusiveLock","function":"unlock"}
[2015-09-14 17:48:39] BLC.INFO: Acquiring lock [] {"memory_usage":"5.75 MB","file":"/Users/trentonmaki/Work/BitlendingClubInvestor/src/Model/ExclusiveLock.php","line":56,"class":"BLC\\Model\\ExclusiveLock","function":"lock"}
[2015-09-14 17:48:39] BLC.INFO: Acquired lock [] {"memory_usage":"5.75 MB","file":"/Users/trentonmaki/Work/BitlendingClubInvestor/src/Model/ExclusiveLock.php","line":59,"class":"BLC\\Model\\ExclusiveLock","function":"lock"}
[2015-09-14 17:48:39] BLC.INFO: Releasing lock [] {"memory_usage":"5.75 MB","file":"/Users/trentonmaki/Work/BitlendingClubInvestor/src/Model/ExclusiveLock.php","line":74,"class":"BLC\\Model\\ExclusiveLock","function":"unlock"}
[2015-09-14 17:48:39] BLC.INFO: Lock released [] {"memory_usage":"5.75 MB","file":"/Users/trentonmaki/Work/BitlendingClubInvestor/src/Model/ExclusiveLock.php","line":78,"class":"BLC\\Model\\ExclusiveLock","function":"unlock"}
[2015-09-14 17:48:39] BLC.INFO: building borrower map [] {"memory_usage":"5.75 MB","file":"/Users/trentonmaki/Work/BitlendingClubInvestor/src/Config/Config.php","line":229,"class":"BLC\\Config\\Config","function":"getBorrowersMap"}
[2015-09-14 17:48:39] BLC.INFO: building borrower list [] {"memory_usage":"5.75 MB","file":"/Users/trentonmaki/Work/BitlendingClubInvestor/src/Config/Config.php","line":209,"class":"BLC\\Config\\Config","function":"getBorrowersList"}
[2015-09-14 17:48:39] BLC.INFO: Collected all investment information [] {"memory_usage":"5.75 MB","file":"/Users/trentonmaki/Work/BitlendingClubInvestor/TheScript.php","line":130,"class":null,"function":"{closure}"}
[2015-09-14 17:48:39] BLC.INFO: Finished running all requests, investment information has been collected in queue {"queue":"[object] (BLC\\Model\\WorkQueue: {})"} {"memory_usage":"5.75 MB","file":"/Users/trentonmaki/Work/BitlendingClubInvestor/TheScript.php","line":139,"class":null,"function":null}
[2015-09-14 17:48:39] BLC.INFO: Starting to make investments {"queue":"[object] (BLC\\Model\\WorkQueue: {})"} {"memory_usage":"5.75 MB","file":"/Users/trentonmaki/Work/BitlendingClubInvestor/TheScript.php","line":142,"class":null,"function":null}
[2015-09-14 17:48:39] BLC.INFO: Acquiring lock [] {"memory_usage":"5.75 MB","file":"/Users/trentonmaki/Work/BitlendingClubInvestor/src/Model/ExclusiveLock.php","line":56,"class":"BLC\\Model\\ExclusiveLock","function":"lock"}
[2015-09-14 17:48:39] BLC.INFO: Acquired lock [] {"memory_usage":"5.75 MB","file":"/Users/trentonmaki/Work/BitlendingClubInvestor/src/Model/ExclusiveLock.php","line":59,"class":"BLC\\Model\\ExclusiveLock","function":"lock"}
[2015-09-14 17:48:39] BLC.INFO: Releasing lock [] {"memory_usage":"5.75 MB","file":"/Users/trentonmaki/Work/BitlendingClubInvestor/src/Model/ExclusiveLock.php","line":74,"class":"BLC\\Model\\ExclusiveLock","function":"unlock"}
[2015-09-14 17:48:39] BLC.INFO: Lock released [] {"memory_usage":"5.75 MB","file":"/Users/trentonmaki/Work/BitlendingClubInvestor/src/Model/ExclusiveLock.php","line":78,"class":"BLC\\Model\\ExclusiveLock","function":"unlock"}
[2015-09-14 17:48:39] BLC.INFO: Acquiring lock [] {"memory_usage":"5.75 MB","file":"/Users/trentonmaki/Work/BitlendingClubInvestor/src/Model/ExclusiveLock.php","line":56,"class":"BLC\\Model\\ExclusiveLock","function":"lock"}
[2015-09-14 17:48:39] BLC.INFO: Acquired lock [] {"memory_usage":"5.75 MB","file":"/Users/trentonmaki/Work/BitlendingClubInvestor/src/Model/ExclusiveLock.php","line":59,"class":"BLC\\Model\\ExclusiveLock","function":"lock"}
[2015-09-14 17:48:39] BLC.INFO: Releasing lock [] {"memory_usage":"5.75 MB","file":"/Users/trentonmaki/Work/BitlendingClubInvestor/src/Model/ExclusiveLock.php","line":74,"class":"BLC\\Model\\ExclusiveLock","function":"unlock"}
[2015-09-14 17:48:39] BLC.INFO: Lock released [] {"memory_usage":"5.75 MB","file":"/Users/trentonmaki/Work/BitlendingClubInvestor/src/Model/ExclusiveLock.php","line":78,"class":"BLC\\Model\\ExclusiveLock","function":"unlock"}
[2015-09-14 17:48:39] BLC.INFO: Dequeued workitem. {"workItem":"[object] (BLC\\Model\\WorkItem: {})"} {"memory_usage":"5.75 MB","file":"/Users/trentonmaki/Work/BitlendingClubInvestor/src/consumeQueue.php","line":33,"class":null,"function":"BLC\\consumeQueue"}
[2015-09-14 17:48:39] BLC.NOTICE: Balancing investment {"investment":"[object] (BLC\\Model\\Investment: {\"amount\":\"0.00020000\",\"rate\":\"1.00000000\",\"id\":\"226428\",\"loanId\":\"18661\",\"dateInvested\":\"2015-09-14T17:35:53-0500\",\"investorId\":\"19549\"})"} {"memory_usage":"5.75 MB","file":"/Users/trentonmaki/Work/BitlendingClubInvestor/src/consumeQueue.php","line":42,"class":null,"function":"BLC\\consumeQueue"}
[2015-09-14 17:48:39] BLC.INFO: Making request. {"URI":"https://api.bitlendingclub.com/api/investments/18661","method":"GET","body":"","request":"[object] (GuzzleHttp\\Psr7\\Request: {})"} {"memory_usage":"5.75 MB","file":"/Users/trentonmaki/Work/BitlendingClubInvestor/src/bootstrap.php","line":80,"class":null,"function":"{closure}"}
[2015-09-14 17:48:39] BLC.INFO: Rate greater than max rate, lowering {"maxRate":"[object] (BLC\\Model\\NumericString: \"1\")","rate":"23.56101"} {"memory_usage":"5.75 MB","file":"/Users/trentonmaki/Work/BitlendingClubInvestor/src/consumeQueue.php","line":124,"class":null,"function":"BLC\\balanceInvestment"}
[2015-09-14 17:48:39] BLC.INFO: Making request. {"URI":"https://api.bitlendingclub.com/api/investment/226428","method":"PUT","body":"amount=0.00020000&rate=1&loan_id=18661","request":"[object] (GuzzleHttp\\Psr7\\Request: {})"} {"memory_usage":"5.75 MB","file":"/Users/trentonmaki/Work/BitlendingClubInvestor/src/bootstrap.php","line":80,"class":null,"function":"{closure}"}
[2015-09-14 17:48:39] BLC.INFO: Acquiring lock [] {"memory_usage":"5.75 MB","file":"/Users/trentonmaki/Work/BitlendingClubInvestor/src/Model/ExclusiveLock.php","line":56,"class":"BLC\\Model\\ExclusiveLock","function":"lock"}
[2015-09-14 17:48:39] BLC.INFO: Acquired lock [] {"memory_usage":"5.75 MB","file":"/Users/trentonmaki/Work/BitlendingClubInvestor/src/Model/ExclusiveLock.php","line":59,"class":"BLC\\Model\\ExclusiveLock","function":"lock"}
[2015-09-14 17:48:39] BLC.INFO: Releasing lock [] {"memory_usage":"5.75 MB","file":"/Users/trentonmaki/Work/BitlendingClubInvestor/src/Model/ExclusiveLock.php","line":74,"class":"BLC\\Model\\ExclusiveLock","function":"unlock"}
[2015-09-14 17:48:39] BLC.INFO: Lock released [] {"memory_usage":"5.75 MB","file":"/Users/trentonmaki/Work/BitlendingClubInvestor/src/Model/ExclusiveLock.php","line":78,"class":"BLC\\Model\\ExclusiveLock","function":"unlock"}
[2015-09-14 17:48:39] BLC.INFO: Acquiring lock [] {"memory_usage":"5.75 MB","file":"/Users/trentonmaki/Work/BitlendingClubInvestor/src/Model/ExclusiveLock.php","line":56,"class":"BLC\\Model\\ExclusiveLock","function":"lock"}
[2015-09-14 17:48:39] BLC.INFO: Acquired lock [] {"memory_usage":"5.75 MB","file":"/Users/trentonmaki/Work/BitlendingClubInvestor/src/Model/ExclusiveLock.php","line":59,"class":"BLC\\Model\\ExclusiveLock","function":"lock"}
[2015-09-14 17:48:39] BLC.INFO: Releasing lock [] {"memory_usage":"5.75 MB","file":"/Users/trentonmaki/Work/BitlendingClubInvestor/src/Model/ExclusiveLock.php","line":74,"class":"BLC\\Model\\ExclusiveLock","function":"unlock"}
[2015-09-14 17:48:39] BLC.INFO: Lock released [] {"memory_usage":"5.75 MB","file":"/Users/trentonmaki/Work/BitlendingClubInvestor/src/Model/ExclusiveLock.php","line":78,"class":"BLC\\Model\\ExclusiveLock","function":"unlock"}
[2015-09-14 17:48:39] BLC.INFO: Dequeued workitem. {"workItem":"[object] (BLC\\Model\\WorkItem: {})"} {"memory_usage":"5.75 MB","file":"/Users/trentonmaki/Work/BitlendingClubInvestor/src/consumeQueue.php","line":33,"class":null,"function":"BLC\\consumeQueue"}
[2015-09-14 17:48:39] BLC.NOTICE: Balancing investment {"investment":"[object] (BLC\\Model\\Investment: {\"amount\":\"0.00010000\",\"rate\":\"10.38550000\",\"id\":\"226429\",\"loanId\":\"17560\",\"dateInvested\":\"2015-09-14T17:35:56-0500\",\"investorId\":\"19549\"})"} {"memory_usage":"5.75 MB","file":"/Users/trentonmaki/Work/BitlendingClubInvestor/src/consumeQueue.php","line":42,"class":null,"function":"BLC\\consumeQueue"}
[2015-09-14 17:48:39] BLC.INFO: Making request. {"URI":"https://api.bitlendingclub.com/api/investments/17560","method":"GET","body":"","request":"[object] (GuzzleHttp\\Psr7\\Request: {})"} {"memory_usage":"5.75 MB","file":"/Users/trentonmaki/Work/BitlendingClubInvestor/src/bootstrap.php","line":80,"class":null,"function":"{closure}"}
[2015-09-14 17:48:40] BLC.INFO: Making request. {"URI":"https://api.bitlendingclub.com/api/investment/226429","method":"PUT","body":"amount=0.00010000&rate=10.38550&loan_id=17560","request":"[object] (GuzzleHttp\\Psr7\\Request: {})"} {"memory_usage":"5.75 MB","file":"/Users/trentonmaki/Work/BitlendingClubInvestor/src/bootstrap.php","line":80,"class":null,"function":"{closure}"}
[2015-09-14 17:48:40] BLC.INFO: Acquiring lock [] {"memory_usage":"5.75 MB","file":"/Users/trentonmaki/Work/BitlendingClubInvestor/src/Model/ExclusiveLock.php","line":56,"class":"BLC\\Model\\ExclusiveLock","function":"lock"}
[2015-09-14 17:48:40] BLC.INFO: Acquired lock [] {"memory_usage":"5.75 MB","file":"/Users/trentonmaki/Work/BitlendingClubInvestor/src/Model/ExclusiveLock.php","line":59,"class":"BLC\\Model\\ExclusiveLock","function":"lock"}
[2015-09-14 17:48:40] BLC.INFO: Releasing lock [] {"memory_usage":"5.75 MB","file":"/Users/trentonmaki/Work/BitlendingClubInvestor/src/Model/ExclusiveLock.php","line":74,"class":"BLC\\Model\\ExclusiveLock","function":"unlock"}
[2015-09-14 17:48:40] BLC.INFO: Lock released [] {"memory_usage":"5.75 MB","file":"/Users/trentonmaki/Work/BitlendingClubInvestor/src/Model/ExclusiveLock.php","line":78,"class":"BLC\\Model\\ExclusiveLock","function":"unlock"}
[2015-09-14 17:48:41] BLC.INFO: Finished making investments [] {"memory_usage":"5.75 MB","file":"/Users/trentonmaki/Work/BitlendingClubInvestor/TheScript.php","line":144,"class":null,"function":null}
[2015-09-14 17:48:41] BLC.INFO: Saving cache data [] {"memory_usage":"5.75 MB","file":"/Users/trentonmaki/Work/BitlendingClubInvestor/TheScript.php","line":147,"class":null,"function":null}
[2015-09-14 17:48:41] BLC.INFO: cache data saved to data/data.json [] {"memory_usage":"5.75 MB","file":"/Users/trentonmaki/Work/BitlendingClubInvestor/TheScript.php","line":150,"class":null,"function":null}
[2015-09-14 17:48:41] BLC.INFO: Exiting [] {"memory_usage":"5.75 MB","file":"/Users/trentonmaki/Work/BitlendingClubInvestor/TheScript.php","line":153,"class":null,"function":null}
[2015-09-14 17:48:41] BLC.INFO: Destroying lock [] {"memory_usage":"5.75 MB","file":"/Users/trentonmaki/Work/BitlendingClubInvestor/src/Model/ExclusiveLock.php","line":41,"class":"BLC\\Model\\ExclusiveLock","function":"__destruct"}
[2015-09-14 17:48:41] BLC.INFO: Destroying lock [] {"memory_usage":"5.75 MB","file":"/Users/trentonmaki/Work/BitlendingClubInvestor/src/Model/ExclusiveLock.php","line":41,"class":"BLC\\Model\\ExclusiveLock","function":"__destruct"}
